\BOOKMARK [1][-]{section.1}{\376\377\000I\000n\000t\000r\000o\000d\000u\000c\000t\000i\000o\000n}{}% 1
\BOOKMARK [1][-]{section.2}{\376\377\000R\000e\000c\000h\000e\000r\000c\000h\000e\000s\000\040\000b\000i\000b\000l\000i\000o\000g\000r\000a\000p\000h\000i\000q\000u\000e\000s\000\040\000s\000u\000r\000\040\000l\000a\000\040\000b\000i\000o\000l\000o\000g\000i\000e\000\040\000d\000u\000\040\000h\000\351\000r\000i\000s\000s\000o\000n}{}% 2
\BOOKMARK [2][-]{subsection.2.1}{\376\377\000E\000s\000p\000\350\000c\000e\000\040\000p\000a\000r\000a\000p\000l\000u\000i\000e}{section.2}% 3
\BOOKMARK [2][-]{subsection.2.2}{\376\377\000C\000a\000r\000a\000c\000t\000\351\000r\000i\000s\000t\000i\000q\000u\000e\000s\000\040\000p\000h\000y\000s\000i\000q\000u\000e\000s}{section.2}% 4
\BOOKMARK [2][-]{subsection.2.3}{\376\377\000M\000o\000d\000e\000\040\000d\000e\000\040\000v\000i\000e\000\040\000e\000t\000\040\000c\000o\000m\000p\000o\000r\000t\000e\000m\000e\000n\000t}{section.2}% 5
\BOOKMARK [2][-]{subsection.2.4}{\376\377\000A\000l\000i\000m\000e\000n\000t\000a\000t\000i\000o\000n}{section.2}% 6
\BOOKMARK [2][-]{subsection.2.5}{\376\377\000H\000a\000b\000i\000t\000a\000t}{section.2}% 7
\BOOKMARK [2][-]{subsection.2.6}{\376\377\000C\000o\000m\000p\000o\000r\000t\000e\000m\000e\000n\000t\000\040\000d\000e\000\040\000c\000h\000a\000s\000s\000e}{section.2}% 8
\BOOKMARK [2][-]{subsection.2.7}{\376\377\000S\000t\000r\000a\000t\000\351\000g\000i\000e\000\040\000d\000e\000\040\000s\000u\000r\000v\000i\000e\000\040\000\050\000v\000i\000d\000e\000\051}{section.2}% 9
\BOOKMARK [2][-]{subsection.2.8}{\376\377\000P\000r\000\351\000d\000a\000t\000e\000u\000r\000s}{section.2}% 10
\BOOKMARK [2][-]{subsection.2.9}{\376\377\000M\000a\000l\000a\000d\000i\000e\000s\000\040\000e\000t\000\040\000p\000a\000r\000a\000s\000i\000t\000e\000s\000\040\000\050\000v\000i\000d\000e\000\051}{section.2}% 11
\BOOKMARK [2][-]{subsection.2.10}{\376\377\000M\000o\000r\000t\000a\000l\000i\000t\000\351}{section.2}% 12
\BOOKMARK [2][-]{subsection.2.11}{\376\377\000R\000e\000p\000r\000o\000d\000u\000c\000t\000i\000o\000n}{section.2}% 13
\BOOKMARK [2][-]{subsection.2.12}{\376\377\000H\000i\000b\000e\000r\000n\000a\000t\000i\000o\000n}{section.2}% 14
\BOOKMARK [1][-]{section.3}{\376\377\000C\000a\000u\000s\000e\000s\000\040\000e\000t\000\040\000c\000o\000n\000s\000\351\000q\000u\000e\000n\000c\000e\000s\000\040\000d\000u\000\040\000d\000\351\000c\000l\000i\000n\000\040\000d\000u\000\040\000h\000\351\000r\000i\000s\000s\000o\000n}{}% 15
\BOOKMARK [2][-]{subsection.3.1}{\376\377\000F\000r\000a\000g\000m\000e\000n\000t\000a\000t\000i\000o\000n\000\040\000d\000e\000s\000\040\000h\000a\000b\000i\000t\000a\000t\000s}{section.3}% 16
\BOOKMARK [2][-]{subsection.3.2}{\376\377\000U\000r\000b\000a\000n\000i\000s\000a\000t\000i\000o\000n\000\040\000e\000t\000\040\000e\000x\000i\000l\000\040\000v\000e\000r\000s\000\040\000l\000e\000s\000\040\000v\000i\000l\000l\000e\000s}{section.3}% 17
\BOOKMARK [2][-]{subsection.3.3}{\376\377\000R\000\351\000c\000h\000a\000u\000f\000f\000e\000m\000e\000n\000t\000\040\000c\000l\000i\000m\000a\000t\000i\000q\000u\000e}{section.3}% 18
\BOOKMARK [2][-]{subsection.3.4}{\376\377\000H\000i\000b\000e\000r\000n\000a\000t\000i\000o\000n\000\040\000s\000e\000n\000s\000i\000b\000l\000e}{section.3}% 19
\BOOKMARK [2][-]{subsection.3.5}{\376\377\000S\000a\000i\000s\000o\000n\000n\000a\000l\000i\000t\000\351\000\040\000d\000e\000\040\000l\000a\000\040\000r\000e\000p\000r\000o\000d\000u\000c\000t\000i\000o\000n}{section.3}% 20
\BOOKMARK [2][-]{subsection.3.6}{\376\377\000I\000m\000p\000a\000c\000t\000s\000\040\000s\000o\000c\000i\000o\000-\000\351\000c\000o\000n\000o\000m\000i\000q\000u\000e\000s}{section.3}% 21
\BOOKMARK [2][-]{subsection.3.7}{\376\377\000A\000s\000s\000o\000c\000i\000a\000t\000i\000o\000n\000s\000\040\000e\000t\000\040\000p\000r\000o\000t\000e\000c\000t\000i\000o\000n\000\040\000d\000u\000\040\000h\000\351\000r\000i\000s\000s\000o\000n}{section.3}% 22
\BOOKMARK [3][-]{subsubsection.3.7.1}{\376\377\000E\000n\000\040\000W\000a\000l\000l\000o\000n\000i\000e\000\040\000e\000t\000\040\000\340\000\040\000B\000r\000u\000x\000e\000l\000l\000e\000s\000\040\000\050\000r\000\351\000g\000i\000o\000n\000\040\000f\000r\000a\000n\000c\000o\000p\000h\000o\000n\000e\000\051}{subsection.3.7}% 23
\BOOKMARK [3][-]{subsubsection.3.7.2}{\376\377\000E\000n\000\040\000F\000l\000a\000n\000d\000r\000e\000\040\000\050\000V\000l\000a\000a\000n\000d\000e\000r\000e\000n\000\051}{subsection.3.7}% 24
\BOOKMARK [1][-]{section.4}{\376\377\000D\000i\000s\000p\000a\000r\000i\000t\000\351\000s\000\040\000r\000\351\000g\000i\000o\000n\000a\000l\000e\000s\000\040\000d\000e\000s\000\040\000f\000r\000\351\000q\000u\000e\000n\000c\000e\000s\000\040\000d\000e\000\040\000r\000e\000c\000e\000n\000s\000e\000m\000e\000n\000t}{}% 25
\BOOKMARK [2][-]{subsection.4.1}{\376\377\000F\000l\000a\000n\000d\000r\000e\000s}{section.4}% 26
\BOOKMARK [3][-]{subsubsection.4.1.1}{\376\377\000E\000t\000a\000t\000\040\000d\000e\000s\000\040\000l\000i\000e\000u\000x\000\040\000d\000e\000s\000\040\000d\000o\000n\000n\000\351\000e\000s\000\040\000s\000u\000r\000\040\000l\000e\000\040\000h\000\351\000r\000i\000s\000s\000o\000n\000\040\000e\000n\000\040\000F\000l\000a\000n\000d\000r\000e}{subsection.4.1}% 27
\BOOKMARK [3][-]{subsubsection.4.1.2}{\376\377\000F\000a\000c\000t\000e\000u\000r\000s\000\040\000d\000e\000\040\000d\000i\000m\000i\000n\000u\000t\000i\000o\000n\000\040\000d\000e\000\040\000c\000e\000t\000t\000e\000\040\000e\000s\000p\000\350\000c\000e}{subsection.4.1}% 28
\BOOKMARK [3][-]{subsubsection.4.1.3}{\376\377\000S\000o\000l\000u\000t\000i\000o\000n\000s\000\040\000a\000p\000p\000o\000r\000t\000\351\000e\000s\000\040\000p\000a\000r\000\040\000d\000i\000v\000e\000r\000s\000e\000s\000\040\000a\000s\000s\000o\000c\000i\000a\000t\000i\000o\000n\000s\000\040\000e\000n\000\040\000F\000l\000a\000n\000d\000r\000e}{subsection.4.1}% 29
\BOOKMARK [3][-]{subsubsection.4.1.4}{\376\377\000I\000n\000i\000t\000i\000a\000t\000i\000v\000e\000\040\000g\000o\000u\000v\000e\000r\000n\000e\000m\000e\000n\000t\000a\000l\000e\000\040\000c\000o\000n\000t\000r\000e\000\040\000l\000a\000\040\000f\000r\000a\000g\000m\000e\000n\000t\000a\000t\000i\000o\000n\000\040\000d\000e\000\040\000l\040\031\000h\000a\000b\000i\000t\000a\000t}{subsection.4.1}% 30
\BOOKMARK [3][-]{subsubsection.4.1.5}{\376\377\000W\000a\000a\000r\000n\000e\000m\000i\000n\000g\000e\000n\000.\000b\000e\000\040\000V\000S\000\040\000O\000b\000s\000e\000r\000v\000a\000t\000i\000o\000n\000s\000.\000b\000e\000\040\000:\000\040\000P\000o\000u\000r\000q\000u\000o\000i\000\040\000c\000e\000t\000t\000e\000\040\000d\000i\000f\000f\000\351\000r\000e\000n\000c\000e\000\040\000?}{subsection.4.1}% 31
\BOOKMARK [2][-]{subsection.4.2}{\376\377\000W\000a\000l\000l\000o\000n\000i\000e}{section.4}% 32
\BOOKMARK [2][-]{subsection.4.3}{\376\377\000F\000r\000a\000n\000c\000e\000\040\000e\000t\000\040\000L\000u\000x\000e\000m\000b\000o\000u\000r\000g}{section.4}% 33
\BOOKMARK [2][-]{subsection.4.4}{\376\377\000C\000o\000m\000p\000a\000r\000a\000i\000s\000o\000n\000\040\000\050\000v\000i\000d\000e\000\051}{section.4}% 34
\BOOKMARK [2][-]{subsection.4.5}{\376\377\000A\000n\000g\000l\000e\000t\000e\000r\000r\000e}{section.4}% 35
\BOOKMARK [2][-]{subsection.4.6}{\376\377\000D\000\351\000m\000o\000g\000r\000a\000p\000h\000i\000e\000\040\000e\000n\000\040\000B\000e\000l\000g\000i\000q\000u\000e}{section.4}% 36
\BOOKMARK [1][-]{section.5}{\376\377\000\311\000l\000a\000b\000o\000r\000a\000t\000i\000o\000n\000\040\000e\000t\000\040\000u\000t\000i\000l\000i\000t\000\351\000\040\000d\040\031\000u\000n\000\040\000p\000r\000o\000t\000o\000t\000y\000p\000e}{}% 37
\BOOKMARK [2][-]{subsection.5.1}{\376\377\000P\000u\000b\000l\000i\000c\000\040\000c\000i\000b\000l\000e}{section.5}% 38
\BOOKMARK [2][-]{subsection.5.2}{\376\377\000O\000b\000j\000e\000c\000t\000i\000f\000s\000\040\000d\000u\000\040\000p\000r\000o\000t\000o\000t\000y\000p\000e\000\040\000\050\000v\000i\000d\000e\000\051}{section.5}% 39
\BOOKMARK [2][-]{subsection.5.3}{\376\377\000A\000n\000a\000l\000y\000s\000e\000\040\000d\000e\000s\000\040\000l\000a\000c\000u\000n\000e\000s\000\040\000d\000e\000s\000\040\000d\000i\000s\000p\000o\000s\000i\000t\000i\000f\000s\000\040\000e\000x\000i\000s\000t\000a\000n\000t\000s}{section.5}% 40
\BOOKMARK [3][-]{subsubsection.5.3.1}{\376\377\000\311\000t\000a\000t\000\040\000d\000e\000s\000\040\000d\000o\000n\000n\000\351\000e\000s\000\040\000e\000x\000i\000s\000t\000a\000n\000t\000e\000s\000\040\000e\000n\000\040\000W\000a\000l\000l\000o\000n\000i\000e}{subsection.5.3}% 41
\BOOKMARK [3][-]{subsubsection.5.3.2}{\376\377\000L\000i\000m\000i\000t\000e\000s\000\040\000d\000e\000s\000\040\000o\000u\000t\000i\000l\000s\000\040\000e\000x\000i\000s\000t\000a\000n\000t\000s}{subsection.5.3}% 42
\BOOKMARK [2][-]{subsection.5.4}{\376\377\000C\000o\000n\000c\000e\000p\000t\000i\000o\000n\000\040\000d\000u\000\040\000d\000i\000s\000p\000o\000s\000i\000t\000i\000f\000\040\000:\000\040\000l\000e\000\040\000s\000i\000t\000e\000\040\000w\000e\000b\000\040\000l\000e\000s\0006\000p\000i\000c\000s\000.\000b\000e}{section.5}% 43
\BOOKMARK [3][-]{subsubsection.5.4.1}{\376\377\000P\000r\000i\000n\000c\000i\000p\000e\000s\000\040\000d\000e\000\040\000c\000o\000n\000c\000e\000p\000t\000i\000o\000n}{subsection.5.4}% 44
\BOOKMARK [3][-]{subsubsection.5.4.2}{\376\377\000L\000e\000\040\000m\000o\000d\000u\000l\000e\000\040\000d\000e\000\040\000r\000e\000c\000e\000n\000s\000e\000m\000e\000n\000t}{subsection.5.4}% 45
\BOOKMARK [3][-]{subsubsection.5.4.3}{\376\377\000L\000a\000\040\000c\000a\000r\000t\000o\000g\000r\000a\000p\000h\000i\000e\000\040\000i\000n\000t\000e\000r\000a\000c\000t\000i\000v\000e}{subsection.5.4}% 46
\BOOKMARK [3][-]{subsubsection.5.4.4}{\376\377\000G\000a\000m\000i\000f\000i\000c\000a\000t\000i\000o\000n\000\040\000e\000t\000\040\000e\000n\000g\000a\000g\000e\000m\000e\000n\000t\000\040\000d\000e\000s\000\040\000u\000t\000i\000l\000i\000s\000a\000t\000e\000u\000r\000s}{subsection.5.4}% 47
\BOOKMARK [2][-]{subsection.5.5}{\376\377\000I\000n\000t\000\351\000r\000\352\000t\000\040\000d\000u\000\040\000p\000r\000o\000t\000o\000t\000y\000p\000e\000\040\000d\000a\000n\000s\000\040\000l\000e\000\040\000c\000a\000d\000r\000e\000\040\000d\000u\000\040\000c\000o\000u\000r\000s\000\040\000\050\000v\000i\000d\000e\000\051}{section.5}% 48
\BOOKMARK [2][-]{subsection.5.6}{\376\377\000U\000s\000a\000g\000e\000\040\000e\000n\000c\000a\000d\000r\000\351\000\040\000d\000e\000s\000\040\000o\000u\000t\000i\000l\000s\000\040\000d\040\031\000i\000n\000t\000e\000l\000l\000i\000g\000e\000n\000c\000e\000\040\000a\000r\000t\000i\000f\000i\000c\000i\000e\000l\000l\000e}{section.5}% 49
\BOOKMARK [1][-]{section*.7}{\376\377\000B\000i\000b\000l\000i\000o\000g\000r\000a\000p\000h\000i\000e}{}% 50
